STATUS | wrapper  | 2020/06/01 11:03:11 | --> Wrapper Started as Console
STATUS | wrapper  | 2020/06/01 11:03:11 | Launching a JVM...
ERROR  | wrapper  | 2020/06/01 11:03:11 | Unable to start JVM: No such file or directory (2)
ERROR  | wrapper  | 2020/06/01 11:03:11 | JVM exited while loading the application.
INFO   | jvm 1    | 2020/06/01 11:03:11 | wrapper  | Unable to start JVM: No such file or directory (2)
STATUS | wrapper  | 2020/06/01 11:03:16 | Launching a JVM...
ERROR  | wrapper  | 2020/06/01 11:03:16 | Unable to start JVM: No such file or directory (2)
ERROR  | wrapper  | 2020/06/01 11:03:16 | JVM exited while loading the application.
INFO   | jvm 2    | 2020/06/01 11:03:16 | wrapper  | Unable to start JVM: No such file or directory (2)
STATUS | wrapper  | 2020/06/01 11:03:20 | Launching a JVM...
ERROR  | wrapper  | 2020/06/01 11:03:20 | Unable to start JVM: No such file or directory (2)
ERROR  | wrapper  | 2020/06/01 11:03:20 | JVM exited while loading the application.
INFO   | jvm 3    | 2020/06/01 11:03:20 | wrapper  | Unable to start JVM: No such file or directory (2)
STATUS | wrapper  | 2020/06/01 11:03:24 | Launching a JVM...
ERROR  | wrapper  | 2020/06/01 11:03:24 | Unable to start JVM: No such file or directory (2)
ERROR  | wrapper  | 2020/06/01 11:03:24 | JVM exited while loading the application.
INFO   | jvm 4    | 2020/06/01 11:03:24 | wrapper  | Unable to start JVM: No such file or directory (2)
STATUS | wrapper  | 2020/06/01 11:03:28 | Launching a JVM...
ERROR  | wrapper  | 2020/06/01 11:03:28 | Unable to start JVM: No such file or directory (2)
ERROR  | wrapper  | 2020/06/01 11:03:28 | JVM exited while loading the application.
INFO   | jvm 5    | 2020/06/01 11:03:28 | wrapper  | Unable to start JVM: No such file or directory (2)
FATAL  | wrapper  | 2020/06/01 11:03:28 | There were 5 failed launches in a row, each lasting less than 300 seconds.  Giving up.
FATAL  | wrapper  | 2020/06/01 11:03:28 |   There may be a configuration problem: please check the logs.
STATUS | wrapper  | 2020/06/01 11:03:28 | <-- Wrapper Stopped
STATUS | wrapper  | 2020/06/01 11:04:29 | --> Wrapper Started as Console
STATUS | wrapper  | 2020/06/01 11:04:29 | Launching a JVM...
ERROR  | wrapper  | 2020/06/01 11:04:29 | Unable to start JVM: No such file or directory (2)
ERROR  | wrapper  | 2020/06/01 11:04:29 | JVM exited while loading the application.
INFO   | jvm 1    | 2020/06/01 11:04:29 | wrapper  | Unable to start JVM: No such file or directory (2)
STATUS | wrapper  | 2020/06/01 11:04:33 | Launching a JVM...
ERROR  | wrapper  | 2020/06/01 11:04:33 | Unable to start JVM: No such file or directory (2)
ERROR  | wrapper  | 2020/06/01 11:04:33 | JVM exited while loading the application.
INFO   | jvm 2    | 2020/06/01 11:04:33 | wrapper  | Unable to start JVM: No such file or directory (2)
STATUS | wrapper  | 2020/06/01 11:04:37 | Launching a JVM...
ERROR  | wrapper  | 2020/06/01 11:04:37 | Unable to start JVM: No such file or directory (2)
ERROR  | wrapper  | 2020/06/01 11:04:37 | JVM exited while loading the application.
INFO   | jvm 3    | 2020/06/01 11:04:37 | wrapper  | Unable to start JVM: No such file or directory (2)
STATUS | wrapper  | 2020/06/01 11:04:42 | Launching a JVM...
ERROR  | wrapper  | 2020/06/01 11:04:42 | Unable to start JVM: No such file or directory (2)
ERROR  | wrapper  | 2020/06/01 11:04:42 | JVM exited while loading the application.
INFO   | jvm 4    | 2020/06/01 11:04:42 | wrapper  | Unable to start JVM: No such file or directory (2)
STATUS | wrapper  | 2020/06/01 11:04:46 | Launching a JVM...
ERROR  | wrapper  | 2020/06/01 11:04:46 | Unable to start JVM: No such file or directory (2)
ERROR  | wrapper  | 2020/06/01 11:04:46 | JVM exited while loading the application.
INFO   | jvm 5    | 2020/06/01 11:04:46 | wrapper  | Unable to start JVM: No such file or directory (2)
FATAL  | wrapper  | 2020/06/01 11:04:46 | There were 5 failed launches in a row, each lasting less than 300 seconds.  Giving up.
FATAL  | wrapper  | 2020/06/01 11:04:46 |   There may be a configuration problem: please check the logs.
STATUS | wrapper  | 2020/06/01 11:04:46 | <-- Wrapper Stopped
STATUS | wrapper  | 2020/06/01 11:08:57 | --> Wrapper Started as Console
STATUS | wrapper  | 2020/06/01 11:08:57 | Launching a JVM...
INFO   | jvm 1    | 2020/06/01 11:08:58 | Wrapper (Version 3.2.3) http://wrapper.tanukisoftware.org
INFO   | jvm 1    | 2020/06/01 11:08:58 |   Copyright 1999-2006 Tanuki Software, Inc.  All Rights Reserved.
INFO   | jvm 1    | 2020/06/01 11:08:58 | 
INFO   | jvm 1    | 2020/06/01 11:08:58 | WrapperSimpleApp: Unable to locate the class io.mycat.MycatStartup: java.lang.UnsupportedClassVersionError: io/mycat/MycatStartup : Unsupported major.minor version 52.0
INFO   | jvm 1    | 2020/06/01 11:08:58 | 
INFO   | jvm 1    | 2020/06/01 11:08:58 | WrapperSimpleApp Usage:
INFO   | jvm 1    | 2020/06/01 11:08:58 |   java org.tanukisoftware.wrapper.WrapperSimpleApp {app_class} [app_arguments]
INFO   | jvm 1    | 2020/06/01 11:08:58 | 
INFO   | jvm 1    | 2020/06/01 11:08:58 | Where:
INFO   | jvm 1    | 2020/06/01 11:08:58 |   app_class:      The fully qualified class name of the application to run.
INFO   | jvm 1    | 2020/06/01 11:08:58 |   app_arguments:  The arguments that would normally be passed to the
INFO   | jvm 1    | 2020/06/01 11:08:58 |                   application.
STATUS | wrapper  | 2020/06/01 11:09:00 | <-- Wrapper Stopped
